[0.008s] Invoking command in '/home/harshita/quad/build/iris_description': CMAKE_PREFIX_PATH=/opt/ros/humble /usr/bin/cmake /home/harshita/quad/src/iris_description -DAMENT_CMAKE_SYMLINK_INSTALL=1 -DCMAKE_INSTALL_PREFIX=/home/harshita/quad/install/iris_description
[0.127s] -- The C compiler identification is GNU 11.4.0
[0.225s] -- The CXX compiler identification is GNU 11.4.0
[0.232s] -- Detecting C compiler ABI info
[0.310s] -- Detecting C compiler ABI info - done
[0.320s] -- Check for working C compiler: /usr/bin/cc - skipped
[0.320s] -- Detecting C compile features
[0.321s] -- Detecting C compile features - done
[0.324s] -- Detecting CXX compiler ABI info
[0.412s] -- Detecting CXX compiler ABI info - done
[0.421s] -- Check for working CXX compiler: /usr/bin/c++ - skipped
[0.422s] -- Detecting CXX compile features
[0.422s] -- Detecting CXX compile features - done
[0.426s] -- Found ament_cmake: 1.3.12 (/opt/ros/humble/share/ament_cmake/cmake)
[0.712s] -- Found Python3: /usr/bin/python3 (found version "3.10.12") found components: Interpreter 
[0.775s] -- Override CMake install command with custom implementation using symlinks instead of copying resources
[0.798s] -- Found ament_lint_auto: 0.12.14 (/opt/ros/humble/share/ament_lint_auto/cmake)
[0.858s] -- Added test 'flake8' to check Python code syntax and style conventions
[0.858s] -- Added test 'lint_cmake' to check CMake code style
[0.858s] -- Added test 'pep257' to check Python code against some of the docstring style conventions in PEP 257
[0.859s] -- Added test 'xmllint' to check XML markup files
[0.859s] -- Configuring done
[0.861s] -- Generating done
[0.862s] -- Build files have been written to: /home/harshita/quad/build/iris_description
[0.864s] Invoked command in '/home/harshita/quad/build/iris_description' returned '0': CMAKE_PREFIX_PATH=/opt/ros/humble /usr/bin/cmake /home/harshita/quad/src/iris_description -DAMENT_CMAKE_SYMLINK_INSTALL=1 -DCMAKE_INSTALL_PREFIX=/home/harshita/quad/install/iris_description
[0.866s] Invoking command in '/home/harshita/quad/build/iris_description': CMAKE_PREFIX_PATH=/opt/ros/humble /usr/bin/cmake --build /home/harshita/quad/build/iris_description -- -j12 -l12
[0.900s] Invoked command in '/home/harshita/quad/build/iris_description' returned '0': CMAKE_PREFIX_PATH=/opt/ros/humble /usr/bin/cmake --build /home/harshita/quad/build/iris_description -- -j12 -l12
[0.911s] Invoking command in '/home/harshita/quad/build/iris_description': CMAKE_PREFIX_PATH=/opt/ros/humble /usr/bin/cmake --install /home/harshita/quad/build/iris_description
[0.919s] -- Install configuration: ""
[0.920s] -- Execute custom install script
[0.920s] -- Symlinking: /home/harshita/quad/install/iris_description/share/iris_description/urdf/iris.urdf
[0.928s] -- Symlinking: /home/harshita/quad/install/iris_description/share/iris_description/meshes/iris.stl
[0.936s] -- Symlinking: /home/harshita/quad/install/iris_description/share/iris_description/meshes/iris_prop_ccw.dae
[0.945s] -- Symlinking: /home/harshita/quad/install/iris_description/share/iris_description/meshes/iris_prop_cw.dae
[0.956s] -- Symlinking: /home/harshita/quad/install/iris_description/share/iris_description/launch/iris_rviz.launch.py
[0.966s] -- Symlinking: /home/harshita/quad/install/iris_description/share/ament_index/resource_index/package_run_dependencies/iris_description
[0.976s] -- Symlinking: /home/harshita/quad/install/iris_description/share/ament_index/resource_index/parent_prefix_path/iris_description
[0.984s] -- Symlinking: /home/harshita/quad/install/iris_description/share/iris_description/environment/ament_prefix_path.sh
[0.992s] -- Symlinking: /home/harshita/quad/install/iris_description/share/iris_description/environment/ament_prefix_path.dsv
[1.001s] -- Symlinking: /home/harshita/quad/install/iris_description/share/iris_description/environment/path.sh
[1.010s] -- Symlinking: /home/harshita/quad/install/iris_description/share/iris_description/environment/path.dsv
[1.020s] -- Symlinking: /home/harshita/quad/install/iris_description/share/iris_description/local_setup.bash
[1.029s] -- Symlinking: /home/harshita/quad/install/iris_description/share/iris_description/local_setup.sh
[1.040s] -- Symlinking: /home/harshita/quad/install/iris_description/share/iris_description/local_setup.zsh
[1.050s] -- Symlinking: /home/harshita/quad/install/iris_description/share/iris_description/local_setup.dsv
[1.059s] -- Symlinking: /home/harshita/quad/install/iris_description/share/iris_description/package.dsv
[1.069s] -- Symlinking: /home/harshita/quad/install/iris_description/share/ament_index/resource_index/packages/iris_description
[1.079s] -- Symlinking: /home/harshita/quad/install/iris_description/share/iris_description/cmake/iris_descriptionConfig.cmake
[1.088s] -- Symlinking: /home/harshita/quad/install/iris_description/share/iris_description/cmake/iris_descriptionConfig-version.cmake
[1.099s] -- Symlinking: /home/harshita/quad/install/iris_description/share/iris_description/package.xml
[1.113s] Invoked command in '/home/harshita/quad/build/iris_description' returned '0': CMAKE_PREFIX_PATH=/opt/ros/humble /usr/bin/cmake --install /home/harshita/quad/build/iris_description
