[0.014s] Invoking command in '/home/harshita/quad/build/iris_description': CMAKE_PREFIX_PATH=/opt/ros/humble /usr/bin/cmake /home/harshita/quad/src/iris_description -DCMAKE_INSTALL_PREFIX=/home/harshita/quad/install/iris_description
[0.032s] -- Found ament_cmake: 1.3.12 (/opt/ros/humble/share/ament_cmake/cmake)
[0.156s] -- Override CMake install command with custom implementation using symlinks instead of copying resources
[0.171s] -- Found ament_lint_auto: 0.12.14 (/opt/ros/humble/share/ament_lint_auto/cmake)
[0.225s] -- Added test 'flake8' to check Python code syntax and style conventions
[0.225s] -- Added test 'lint_cmake' to check CMake code style
[0.226s] -- Added test 'pep257' to check Python code against some of the docstring style conventions in PEP 257
[0.227s] -- Added test 'xmllint' to check XML markup files
[0.228s] -- Configuring done
[0.231s] -- Generating done
[0.232s] -- Build files have been written to: /home/harshita/quad/build/iris_description
[0.234s] Invoked command in '/home/harshita/quad/build/iris_description' returned '0': CMAKE_PREFIX_PATH=/opt/ros/humble /usr/bin/cmake /home/harshita/quad/src/iris_description -DCMAKE_INSTALL_PREFIX=/home/harshita/quad/install/iris_description
[0.236s] Invoking command in '/home/harshita/quad/build/iris_description': CMAKE_PREFIX_PATH=/opt/ros/humble /usr/bin/cmake --build /home/harshita/quad/build/iris_description -- -j12 -l12
[0.276s] Invoked command in '/home/harshita/quad/build/iris_description' returned '0': CMAKE_PREFIX_PATH=/opt/ros/humble /usr/bin/cmake --build /home/harshita/quad/build/iris_description -- -j12 -l12
[0.287s] Invoking command in '/home/harshita/quad/build/iris_description': CMAKE_PREFIX_PATH=/opt/ros/humble /usr/bin/cmake --install /home/harshita/quad/build/iris_description
[0.296s] -- Install configuration: ""
[0.297s] -- Execute custom install script
[0.297s] -- Symlinking: /home/harshita/quad/install/iris_description/share/iris_description/description/camera.xacro
[0.307s] -- Symlinking: /home/harshita/quad/install/iris_description/share/iris_description/description/gazebo_control.xacro
[0.317s] -- Symlinking: /home/harshita/quad/install/iris_description/share/iris_description/description/imu.xacro
[0.325s] -- Symlinking: /home/harshita/quad/install/iris_description/share/iris_description/description/inertial_macros.xacro
[0.336s] -- Symlinking: /home/harshita/quad/install/iris_description/share/iris_description/description/iris.urdf
[0.346s] -- Symlinking: /home/harshita/quad/install/iris_description/share/iris_description/description/robot_core.xacro
[0.356s] -- Up-to-date symlink: /home/harshita/quad/install/iris_description/share/iris_description/meshes/iris.stl
[0.356s] -- Up-to-date symlink: /home/harshita/quad/install/iris_description/share/iris_description/meshes/iris_prop_ccw.dae
[0.357s] -- Up-to-date symlink: /home/harshita/quad/install/iris_description/share/iris_description/meshes/iris_prop_cw.dae
[0.357s] -- Up-to-date symlink: /home/harshita/quad/install/iris_description/share/iris_description/launch/iris_rviz.launch.py
[0.357s] -- Up-to-date symlink: /home/harshita/quad/install/iris_description/share/ament_index/resource_index/package_run_dependencies/iris_description
[0.357s] -- Up-to-date symlink: /home/harshita/quad/install/iris_description/share/ament_index/resource_index/parent_prefix_path/iris_description
[0.357s] -- Up-to-date symlink: /home/harshita/quad/install/iris_description/share/iris_description/environment/ament_prefix_path.sh
[0.357s] -- Up-to-date symlink: /home/harshita/quad/install/iris_description/share/iris_description/environment/ament_prefix_path.dsv
[0.357s] -- Up-to-date symlink: /home/harshita/quad/install/iris_description/share/iris_description/environment/path.sh
[0.358s] -- Up-to-date symlink: /home/harshita/quad/install/iris_description/share/iris_description/environment/path.dsv
[0.358s] -- Up-to-date symlink: /home/harshita/quad/install/iris_description/share/iris_description/local_setup.bash
[0.358s] -- Up-to-date symlink: /home/harshita/quad/install/iris_description/share/iris_description/local_setup.sh
[0.358s] -- Up-to-date symlink: /home/harshita/quad/install/iris_description/share/iris_description/local_setup.zsh
[0.358s] -- Up-to-date symlink: /home/harshita/quad/install/iris_description/share/iris_description/local_setup.dsv
[0.358s] -- Symlinking: /home/harshita/quad/install/iris_description/share/iris_description/package.dsv
[0.371s] -- Up-to-date symlink: /home/harshita/quad/install/iris_description/share/ament_index/resource_index/packages/iris_description
[0.372s] -- Up-to-date symlink: /home/harshita/quad/install/iris_description/share/iris_description/cmake/iris_descriptionConfig.cmake
[0.372s] -- Up-to-date symlink: /home/harshita/quad/install/iris_description/share/iris_description/cmake/iris_descriptionConfig-version.cmake
[0.372s] -- Up-to-date symlink: /home/harshita/quad/install/iris_description/share/iris_description/package.xml
[0.374s] Invoked command in '/home/harshita/quad/build/iris_description' returned '0': CMAKE_PREFIX_PATH=/opt/ros/humble /usr/bin/cmake --install /home/harshita/quad/build/iris_description
