-- Install configuration: ""
-- Execute custom install script
-- Up-to-date symlink: /home/harshita/quad/install/iris_description/share/iris_description/description/camera.xacro
-- Up-to-date symlink: /home/harshita/quad/install/iris_description/share/iris_description/description/gazebo_control.xacro
-- Up-to-date symlink: /home/harshita/quad/install/iris_description/share/iris_description/description/imu.xacro
-- Up-to-date symlink: /home/harshita/quad/install/iris_description/share/iris_description/description/inertial_macros.xacro
-- Up-to-date symlink: /home/harshita/quad/install/iris_description/share/iris_description/description/iris.urdf
-- Symlinking: /home/harshita/quad/install/iris_description/share/iris_description/description/robot.urdf.xacro
-- Up-to-date symlink: /home/harshita/quad/install/iris_description/share/iris_description/description/robot_core.xacro
-- Up-to-date symlink: /home/harshita/quad/install/iris_description/share/iris_description/meshes/iris.stl
-- Up-to-date symlink: /home/harshita/quad/install/iris_description/share/iris_description/meshes/iris_prop_ccw.dae
-- Up-to-date symlink: /home/harshita/quad/install/iris_description/share/iris_description/meshes/iris_prop_cw.dae
-- Up-to-date symlink: /home/harshita/quad/install/iris_description/share/iris_description/launch/rsp.launch.py
-- Up-to-date symlink: /home/harshita/quad/install/iris_description/share/ament_index/resource_index/package_run_dependencies/iris_description
-- Up-to-date symlink: /home/harshita/quad/install/iris_description/share/ament_index/resource_index/parent_prefix_path/iris_description
-- Up-to-date symlink: /home/harshita/quad/install/iris_description/share/iris_description/environment/ament_prefix_path.sh
-- Up-to-date symlink: /home/harshita/quad/install/iris_description/share/iris_description/environment/ament_prefix_path.dsv
-- Up-to-date symlink: /home/harshita/quad/install/iris_description/share/iris_description/environment/path.sh
-- Up-to-date symlink: /home/harshita/quad/install/iris_description/share/iris_description/environment/path.dsv
-- Up-to-date symlink: /home/harshita/quad/install/iris_description/share/iris_description/local_setup.bash
-- Up-to-date symlink: /home/harshita/quad/install/iris_description/share/iris_description/local_setup.sh
-- Up-to-date symlink: /home/harshita/quad/install/iris_description/share/iris_description/local_setup.zsh
-- Up-to-date symlink: /home/harshita/quad/install/iris_description/share/iris_description/local_setup.dsv
-- Symlinking: /home/harshita/quad/install/iris_description/share/iris_description/package.dsv
-- Up-to-date symlink: /home/harshita/quad/install/iris_description/share/ament_index/resource_index/packages/iris_description
-- Up-to-date symlink: /home/harshita/quad/install/iris_description/share/iris_description/cmake/iris_descriptionConfig.cmake
-- Up-to-date symlink: /home/harshita/quad/install/iris_description/share/iris_description/cmake/iris_descriptionConfig-version.cmake
-- Up-to-date symlink: /home/harshita/quad/install/iris_description/share/iris_description/package.xml
