[0.117s] DEBUG:colcon:Command line arguments: ['/usr/bin/colcon', 'list', '-p', '--base-paths', '/home/harshita/quad']
[0.117s] DEBUG:colcon:Parsed command line arguments: Namespace(log_base=None, log_level=None, verb_name='list', build_base='build', ignore_user_meta=False, metas=['./colcon.meta'], base_paths=['/home/harshita/quad'], packages_ignore=None, packages_ignore_regex=None, paths=None, packages_up_to=None, packages_up_to_regex=None, packages_above=None, packages_above_and_dependencies=None, packages_above_depth=None, packages_select_by_dep=None, packages_skip_by_dep=None, packages_skip_up_to=None, packages_select_build_failed=False, packages_skip_build_finished=False, packages_select_test_failures=False, packages_skip_test_passed=False, packages_select=None, packages_skip=None, packages_select_regex=None, packages_skip_regex=None, packages_start=None, packages_end=None, allow_overriding=[], topological_order=False, names_only=False, paths_only=True, topological_graph=False, topological_graph_dot=False, topological_graph_density=False, topological_graph_legend=False, topological_graph_dot_cluster=False, topological_graph_dot_include_skipped=False, verb_parser=<colcon_defaults.argument_parser.defaults.DefaultArgumentsDecorator object at 0x72f868e3e050>, verb_extension=<colcon_package_information.verb.list.ListVerb object at 0x72f868e3cfa0>, main=<bound method ListVerb.main of <colcon_package_information.verb.list.ListVerb object at 0x72f868e3cfa0>>)
[0.176s] Level 1:colcon.colcon_core.package_discovery:discover_packages(colcon_meta) check parameters
[0.176s] Level 1:colcon.colcon_core.package_discovery:discover_packages(recursive) check parameters
[0.176s] Level 1:colcon.colcon_core.package_discovery:discover_packages(ignore) check parameters
[0.177s] Level 1:colcon.colcon_core.package_discovery:discover_packages(path) check parameters
[0.177s] Level 1:colcon.colcon_core.package_discovery:discover_packages(recursive) discover
[0.177s] INFO:colcon.colcon_core.package_discovery:Crawling recursively for packages in '/home/harshita/quad'
[0.177s] Level 1:colcon.colcon_core.package_identification:_identify(/home/harshita/quad) by extensions ['ignore', 'ignore_ament_install']
[0.177s] Level 1:colcon.colcon_core.package_identification:_identify(/home/harshita/quad) by extension 'ignore'
[0.177s] Level 1:colcon.colcon_core.package_identification:_identify(/home/harshita/quad) by extension 'ignore_ament_install'
[0.177s] Level 1:colcon.colcon_core.package_identification:_identify(/home/harshita/quad) by extensions ['colcon_pkg']
[0.177s] Level 1:colcon.colcon_core.package_identification:_identify(/home/harshita/quad) by extension 'colcon_pkg'
[0.177s] Level 1:colcon.colcon_core.package_identification:_identify(/home/harshita/quad) by extensions ['colcon_meta']
[0.177s] Level 1:colcon.colcon_core.package_identification:_identify(/home/harshita/quad) by extension 'colcon_meta'
[0.177s] Level 1:colcon.colcon_core.package_identification:_identify(/home/harshita/quad) by extensions ['ros']
[0.177s] Level 1:colcon.colcon_core.package_identification:_identify(/home/harshita/quad) by extension 'ros'
[0.199s] Level 1:colcon.colcon_core.package_identification:_identify(/home/harshita/quad) by extensions ['cmake', 'python']
[0.199s] Level 1:colcon.colcon_core.package_identification:_identify(/home/harshita/quad) by extension 'cmake'
[0.200s] Level 1:colcon.colcon_core.package_identification:_identify(/home/harshita/quad) by extension 'python'
[0.200s] Level 1:colcon.colcon_core.package_identification:_identify(/home/harshita/quad) by extensions ['python_setup_py']
[0.200s] Level 1:colcon.colcon_core.package_identification:_identify(/home/harshita/quad) by extension 'python_setup_py'
[0.200s] Level 1:colcon.colcon_core.package_identification:_identify(/home/harshita/quad/build) by extensions ['ignore', 'ignore_ament_install']
[0.200s] Level 1:colcon.colcon_core.package_identification:_identify(/home/harshita/quad/build) by extension 'ignore'
[0.200s] Level 1:colcon.colcon_core.package_identification:_identify(/home/harshita/quad/build) ignored
[0.200s] Level 1:colcon.colcon_core.package_identification:_identify(/home/harshita/quad/install) by extensions ['ignore', 'ignore_ament_install']
[0.200s] Level 1:colcon.colcon_core.package_identification:_identify(/home/harshita/quad/install) by extension 'ignore'
[0.200s] Level 1:colcon.colcon_core.package_identification:_identify(/home/harshita/quad/install) ignored
[0.201s] Level 1:colcon.colcon_core.package_identification:_identify(/home/harshita/quad/log) by extensions ['ignore', 'ignore_ament_install']
[0.201s] Level 1:colcon.colcon_core.package_identification:_identify(/home/harshita/quad/log) by extension 'ignore'
[0.201s] Level 1:colcon.colcon_core.package_identification:_identify(/home/harshita/quad/log) ignored
[0.201s] Level 1:colcon.colcon_core.package_identification:_identify(/home/harshita/quad/src) by extensions ['ignore', 'ignore_ament_install']
[0.201s] Level 1:colcon.colcon_core.package_identification:_identify(/home/harshita/quad/src) by extension 'ignore'
[0.201s] Level 1:colcon.colcon_core.package_identification:_identify(/home/harshita/quad/src) by extension 'ignore_ament_install'
[0.201s] Level 1:colcon.colcon_core.package_identification:_identify(/home/harshita/quad/src) by extensions ['colcon_pkg']
[0.201s] Level 1:colcon.colcon_core.package_identification:_identify(/home/harshita/quad/src) by extension 'colcon_pkg'
[0.201s] Level 1:colcon.colcon_core.package_identification:_identify(/home/harshita/quad/src) by extensions ['colcon_meta']
[0.201s] Level 1:colcon.colcon_core.package_identification:_identify(/home/harshita/quad/src) by extension 'colcon_meta'
[0.201s] Level 1:colcon.colcon_core.package_identification:_identify(/home/harshita/quad/src) by extensions ['ros']
[0.201s] Level 1:colcon.colcon_core.package_identification:_identify(/home/harshita/quad/src) by extension 'ros'
[0.201s] Level 1:colcon.colcon_core.package_identification:_identify(/home/harshita/quad/src) by extensions ['cmake', 'python']
[0.201s] Level 1:colcon.colcon_core.package_identification:_identify(/home/harshita/quad/src) by extension 'cmake'
[0.201s] Level 1:colcon.colcon_core.package_identification:_identify(/home/harshita/quad/src) by extension 'python'
[0.201s] Level 1:colcon.colcon_core.package_identification:_identify(/home/harshita/quad/src) by extensions ['python_setup_py']
[0.201s] Level 1:colcon.colcon_core.package_identification:_identify(/home/harshita/quad/src) by extension 'python_setup_py'
[0.201s] Level 1:colcon.colcon_core.package_identification:_identify(/home/harshita/quad/src/iris_description) by extensions ['ignore', 'ignore_ament_install']
[0.201s] Level 1:colcon.colcon_core.package_identification:_identify(/home/harshita/quad/src/iris_description) by extension 'ignore'
[0.202s] Level 1:colcon.colcon_core.package_identification:_identify(/home/harshita/quad/src/iris_description) by extension 'ignore_ament_install'
[0.202s] Level 1:colcon.colcon_core.package_identification:_identify(/home/harshita/quad/src/iris_description) by extensions ['colcon_pkg']
[0.202s] Level 1:colcon.colcon_core.package_identification:_identify(/home/harshita/quad/src/iris_description) by extension 'colcon_pkg'
[0.202s] Level 1:colcon.colcon_core.package_identification:_identify(/home/harshita/quad/src/iris_description) by extensions ['colcon_meta']
[0.202s] Level 1:colcon.colcon_core.package_identification:_identify(/home/harshita/quad/src/iris_description) by extension 'colcon_meta'
[0.202s] Level 1:colcon.colcon_core.package_identification:_identify(/home/harshita/quad/src/iris_description) by extensions ['ros']
[0.202s] Level 1:colcon.colcon_core.package_identification:_identify(/home/harshita/quad/src/iris_description) by extension 'ros'
[0.207s] DEBUG:colcon.colcon_core.package_identification:Package '/home/harshita/quad/src/iris_description' with type 'ros.ament_cmake' and name 'iris_description'
[0.207s] Level 1:colcon.colcon_core.package_discovery:discover_packages(recursive) using defaults
